<?xml version="1.0" encoding="UTF-8"?>
<!-- Generated by org.testng.reporters.JUnitXMLReporter -->
<testsuite ignored="0" hostname="DeeshaST123" failures="0" tests="4" name="Default test" time="2.739" errors="0" timestamp="2023-06-29T14:43:09 IST">
  <testcase classname="Files.DynamicJson" name="addBook" time="2.119"/>
  <testcase classname="Files.DynamicJson" name="addBook" time="0.176"/>
  <testcase classname="Files.DynamicJson" name="addBook" time="0.195"/>
  <testcase classname="Files.DynamicJson" name="addBook" time="0.187"/>
</testsuite> <!-- Default test -->
